[debug] [2020-09-27T18:24:30.014Z] ----------------------------------------------------------------------
[debug] [2020-09-27T18:24:30.016Z] Command:       /usr/local/Cellar/node/14.9.0/bin/node /usr/local/bin/firebase emulators:start
[debug] [2020-09-27T18:24:30.017Z] CLI Version:   8.10.0
[debug] [2020-09-27T18:24:30.017Z] Platform:      darwin
[debug] [2020-09-27T18:24:30.017Z] Node Version:  v14.9.0
[debug] [2020-09-27T18:24:30.019Z] Time:          Sun Sep 27 2020 21:24:30 GMT+0300 (שעון ישראל (קיץ))
[debug] [2020-09-27T18:24:30.019Z] ----------------------------------------------------------------------
[debug] [2020-09-27T18:24:30.019Z] 
[debug] [2020-09-27T18:24:30.033Z] > command requires scopes: ["email","openid","https://www.googleapis.com/auth/cloudplatformprojects.readonly","https://www.googleapis.com/auth/firebase","https://www.googleapis.com/auth/cloud-platform"]
[debug] [2020-09-27T18:24:30.033Z] > authorizing via signed-in user
[info] i  emulators: Starting emulators: functions {"metadata":{"emulator":{"name":"hub"},"message":"Starting emulators: functions"}}
[debug] [2020-09-27T18:24:30.115Z] [hub] writing locator at /var/folders/d1/4475sqhs44xd36psvvs428s40000gn/T/hub-clone-968fd.json
[warn] ⚠  functions: The following emulators are not running, calls to these services from the Functions emulator will affect production: firestore, database, hosting, pubsub {"metadata":{"emulator":{"name":"functions"},"message":"The following emulators are not running, calls to these services from the Functions emulator will affect production: \u001b[1mfirestore, database, hosting, pubsub\u001b[22m"}}
[warn] ⚠  Your requested "node" version "10" doesn't match your global version "14" {"metadata":{"emulator":{"name":"functions"},"message":"Your requested \"node\" version \"10\" doesn't match your global version \"14\""}}
[debug] [2020-09-27T18:24:30.316Z] defaultcredentials: writing to file /Users/morhaham/.config/firebase/moring3071_gmail_com_application_default_credentials.json
[debug] [2020-09-27T18:24:30.322Z] Setting GAC to /Users/morhaham/.config/firebase/moring3071_gmail_com_application_default_credentials.json {"metadata":{"emulator":{"name":"functions"},"message":"Setting GAC to /Users/morhaham/.config/firebase/moring3071_gmail_com_application_default_credentials.json"}}
[debug] [2020-09-27T18:24:30.340Z] Ignoring unsupported arg: auto_download {"metadata":{"emulator":{"name":"ui"},"message":"Ignoring unsupported arg: auto_download"}}
[debug] [2020-09-27T18:24:30.340Z] Ignoring unsupported arg: port {"metadata":{"emulator":{"name":"ui"},"message":"Ignoring unsupported arg: port"}}
[debug] [2020-09-27T18:24:30.340Z] Starting Emulator UI with command {"binary":"node","args":["/Users/morhaham/.cache/firebase/emulators/ui-v1.1.1/server.bundle.js"],"optionalArgs":[],"joinArgs":false} {"metadata":{"emulator":{"name":"ui"},"message":"Starting Emulator UI with command {\"binary\":\"node\",\"args\":[\"/Users/morhaham/.cache/firebase/emulators/ui-v1.1.1/server.bundle.js\"],\"optionalArgs\":[],\"joinArgs\":false}"}}
[info] i  ui: Emulator UI logging to ui-debug.log {"metadata":{"emulator":{"name":"ui"},"message":"Emulator UI logging to \u001b[1mui-debug.log\u001b[22m"}}
[debug] [2020-09-27T18:24:30.540Z] Web / API server started at http://localhost:4000
 {"metadata":{"emulator":{"name":"ui"},"message":"Web / API server started at http://localhost:4000\n"}}
[info] i  functions: Watching "/Users/morhaham/Desktop/react/amazon-clone/functions" for Cloud Functions... {"metadata":{"emulator":{"name":"functions"},"message":"Watching \"/Users/morhaham/Desktop/react/amazon-clone/functions\" for Cloud Functions..."}}
[debug] [2020-09-27T18:24:30.621Z] [worker-pool] addWorker(~diagnostic~) {"metadata":{"emulator":{"name":"functions"},"message":"[worker-pool] addWorker(~diagnostic~)"}}
[debug] [2020-09-27T18:24:30.621Z] [worker-pool] Adding worker with key ~diagnostic~, total=1 {"metadata":{"emulator":{"name":"functions"},"message":"[worker-pool] Adding worker with key ~diagnostic~, total=1"}}
[debug] [2020-09-27T18:24:30.621Z] [worker-pool] submitWork(triggerId=) {"metadata":{"emulator":{"name":"functions"},"message":"[worker-pool] submitWork(triggerId=)"}}
[debug] [2020-09-27T18:24:30.622Z] [worker-~diagnostic~-0bb20c61-f9da-4eef-9791-20f0d94b1ae4]: Assigning socketPath: /var/folders/d1/4475sqhs44xd36psvvs428s40000gn/T/fire_emu_77230.sock {"metadata":{"emulator":{"name":"functions"},"message":"[worker-~diagnostic~-0bb20c61-f9da-4eef-9791-20f0d94b1ae4]: Assigning socketPath: /var/folders/d1/4475sqhs44xd36psvvs428s40000gn/T/fire_emu_77230.sock"}}
[debug] [2020-09-27T18:24:30.622Z] [worker-~diagnostic~-0bb20c61-f9da-4eef-9791-20f0d94b1ae4]: BUSY {"metadata":{"emulator":{"name":"functions"},"message":"[worker-~diagnostic~-0bb20c61-f9da-4eef-9791-20f0d94b1ae4]: BUSY"}}
[debug] [2020-09-27T18:24:31.216Z] [runtime-status] [77230] Functions runtime initialized. {"cwd":"/Users/morhaham/Desktop/react/amazon-clone/functions","node_version":"14.9.0"} {"metadata":{"emulator":{"name":"functions"},"message":"[runtime-status] [77230] Functions runtime initialized. {\"cwd\":\"/Users/morhaham/Desktop/react/amazon-clone/functions\",\"node_version\":\"14.9.0\"}"}}
[debug] [2020-09-27T18:24:31.216Z] [runtime-status] [77230] Disabled runtime features: undefined {"metadata":{"emulator":{"name":"functions"},"message":"[runtime-status] [77230] Disabled runtime features: undefined"}}
[debug] [2020-09-27T18:24:31.219Z] [runtime-status] [77230] Resolved module firebase-admin {"declared":true,"installed":true,"version":"8.13.0","resolution":"/Users/morhaham/Desktop/react/amazon-clone/functions/node_modules/firebase-admin/lib/index.js"} {"metadata":{"emulator":{"name":"functions"},"message":"[runtime-status] [77230] Resolved module firebase-admin {\"declared\":true,\"installed\":true,\"version\":\"8.13.0\",\"resolution\":\"/Users/morhaham/Desktop/react/amazon-clone/functions/node_modules/firebase-admin/lib/index.js\"}"}}
[debug] [2020-09-27T18:24:31.223Z] [runtime-status] [77230] Resolved module firebase-functions {"declared":true,"installed":true,"version":"3.11.0","resolution":"/Users/morhaham/Desktop/react/amazon-clone/functions/node_modules/firebase-functions/lib/index.js"} {"metadata":{"emulator":{"name":"functions"},"message":"[runtime-status] [77230] Resolved module firebase-functions {\"declared\":true,\"installed\":true,\"version\":\"3.11.0\",\"resolution\":\"/Users/morhaham/Desktop/react/amazon-clone/functions/node_modules/firebase-functions/lib/index.js\"}"}}
[debug] [2020-09-27T18:24:31.228Z] [runtime-status] [77230] Resolved module firebase-functions {"declared":true,"installed":true,"version":"3.11.0","resolution":"/Users/morhaham/Desktop/react/amazon-clone/functions/node_modules/firebase-functions/lib/index.js"} {"metadata":{"emulator":{"name":"functions"},"message":"[runtime-status] [77230] Resolved module firebase-functions {\"declared\":true,\"installed\":true,\"version\":\"3.11.0\",\"resolution\":\"/Users/morhaham/Desktop/react/amazon-clone/functions/node_modules/firebase-functions/lib/index.js\"}"}}
[debug] [2020-09-27T18:24:31.231Z] [runtime-status] [77230] Outgoing network have been stubbed. [{"name":"http","status":"mocked"},{"name":"http","status":"mocked"},{"name":"https","status":"mocked"},{"name":"https","status":"mocked"},{"name":"net","status":"mocked"}] {"metadata":{"emulator":{"name":"functions"},"message":"[runtime-status] [77230] Outgoing network have been stubbed. [{\"name\":\"http\",\"status\":\"mocked\"},{\"name\":\"http\",\"status\":\"mocked\"},{\"name\":\"https\",\"status\":\"mocked\"},{\"name\":\"https\",\"status\":\"mocked\"},{\"name\":\"net\",\"status\":\"mocked\"}]"}}
[debug] [2020-09-27T18:24:31.231Z] [runtime-status] [77230] Resolved module firebase-functions {"declared":true,"installed":true,"version":"3.11.0","resolution":"/Users/morhaham/Desktop/react/amazon-clone/functions/node_modules/firebase-functions/lib/index.js"} {"metadata":{"emulator":{"name":"functions"},"message":"[runtime-status] [77230] Resolved module firebase-functions {\"declared\":true,\"installed\":true,\"version\":\"3.11.0\",\"resolution\":\"/Users/morhaham/Desktop/react/amazon-clone/functions/node_modules/firebase-functions/lib/index.js\"}"}}
[debug] [2020-09-27T18:24:31.375Z] [runtime-status] [77230] Checked functions.config() {"config":{}} {"metadata":{"emulator":{"name":"functions"},"message":"[runtime-status] [77230] Checked functions.config() {\"config\":{}}"}}
[debug] [2020-09-27T18:24:31.375Z] [runtime-status] [77230] firebase-functions has been stubbed. {"functionsResolution":{"declared":true,"installed":true,"version":"3.11.0","resolution":"/Users/morhaham/Desktop/react/amazon-clone/functions/node_modules/firebase-functions/lib/index.js"}} {"metadata":{"emulator":{"name":"functions"},"message":"[runtime-status] [77230] firebase-functions has been stubbed. {\"functionsResolution\":{\"declared\":true,\"installed\":true,\"version\":\"3.11.0\",\"resolution\":\"/Users/morhaham/Desktop/react/amazon-clone/functions/node_modules/firebase-functions/lib/index.js\"}}"}}
[debug] [2020-09-27T18:24:31.375Z] [runtime-status] [77230] Resolved module firebase-functions {"declared":true,"installed":true,"version":"3.11.0","resolution":"/Users/morhaham/Desktop/react/amazon-clone/functions/node_modules/firebase-functions/lib/index.js"} {"metadata":{"emulator":{"name":"functions"},"message":"[runtime-status] [77230] Resolved module firebase-functions {\"declared\":true,\"installed\":true,\"version\":\"3.11.0\",\"resolution\":\"/Users/morhaham/Desktop/react/amazon-clone/functions/node_modules/firebase-functions/lib/index.js\"}"}}
[debug] [2020-09-27T18:24:31.376Z] [runtime-status] [77230] Resolved module firebase-admin {"declared":true,"installed":true,"version":"8.13.0","resolution":"/Users/morhaham/Desktop/react/amazon-clone/functions/node_modules/firebase-admin/lib/index.js"} {"metadata":{"emulator":{"name":"functions"},"message":"[runtime-status] [77230] Resolved module firebase-admin {\"declared\":true,\"installed\":true,\"version\":\"8.13.0\",\"resolution\":\"/Users/morhaham/Desktop/react/amazon-clone/functions/node_modules/firebase-admin/lib/index.js\"}"}}
[debug] [2020-09-27T18:24:31.376Z] [runtime-status] [77230] Resolved module firebase-functions {"declared":true,"installed":true,"version":"3.11.0","resolution":"/Users/morhaham/Desktop/react/amazon-clone/functions/node_modules/firebase-functions/lib/index.js"} {"metadata":{"emulator":{"name":"functions"},"message":"[runtime-status] [77230] Resolved module firebase-functions {\"declared\":true,\"installed\":true,\"version\":\"3.11.0\",\"resolution\":\"/Users/morhaham/Desktop/react/amazon-clone/functions/node_modules/firebase-functions/lib/index.js\"}"}}
[debug] [2020-09-27T18:24:31.377Z] [runtime-status] [77230] firebase-admin has been stubbed. {"adminResolution":{"declared":true,"installed":true,"version":"8.13.0","resolution":"/Users/morhaham/Desktop/react/amazon-clone/functions/node_modules/firebase-admin/lib/index.js"}} {"metadata":{"emulator":{"name":"functions"},"message":"[runtime-status] [77230] firebase-admin has been stubbed. {\"adminResolution\":{\"declared\":true,\"installed\":true,\"version\":\"8.13.0\",\"resolution\":\"/Users/morhaham/Desktop/react/amazon-clone/functions/node_modules/firebase-admin/lib/index.js\"}}"}}
[info] ✔  functions[api]: http function initialized (http://localhost:3601/clone-968fd/us-central1/api). {"metadata":{"emulator":{"name":"functions"},"message":"\u001b[1mhttp\u001b[22m function initialized (http://localhost:3601/clone-968fd/us-central1/api)."}}
[info] 
┌───────────────────────────────────────────────────────────────────────┐
│ ✔  All emulators ready! View status and logs at http://localhost:4000 │
└───────────────────────────────────────────────────────────────────────┘

┌───────────┬────────────────┬─────────────────────────────────┐
│ Emulator  │ Host:Port      │ View in Emulator UI             │
├───────────┼────────────────┼─────────────────────────────────┤
│ Functions │ localhost:3601 │ http://localhost:4000/functions │
└───────────┴────────────────┴─────────────────────────────────┘
  Other reserved ports: 4400, 4500

Issues? Report them at https://github.com/firebase/firebase-tools/issues and attach the *-debug.log files.
 
[debug] [2020-09-27T18:24:31.605Z] [worker-~diagnostic~-0bb20c61-f9da-4eef-9791-20f0d94b1ae4]: IDLE {"metadata":{"emulator":{"name":"functions"},"message":"[worker-~diagnostic~-0bb20c61-f9da-4eef-9791-20f0d94b1ae4]: IDLE"}}
[debug] [2020-09-27T18:25:42.661Z] [work-queue] {"queueLength":1,"workRunningCount":0}
[debug] [2020-09-27T18:25:42.661Z] [work-queue] {"queueLength":0,"workRunningCount":1}
[debug] [2020-09-27T18:25:42.661Z] Accepted request POST /clone-968fd/us-central1/api/payment/create?total=62997 --> api
[debug] [2020-09-27T18:25:42.680Z] [worker-pool] addWorker(api) {"metadata":{"emulator":{"name":"functions"},"message":"[worker-pool] addWorker(api)"}}
[debug] [2020-09-27T18:25:42.681Z] [worker-pool] Adding worker with key api, total=1 {"metadata":{"emulator":{"name":"functions"},"message":"[worker-pool] Adding worker with key api, total=1"}}
[debug] [2020-09-27T18:25:42.681Z] [worker-pool] submitWork(triggerId=api) {"metadata":{"emulator":{"name":"functions"},"message":"[worker-pool] submitWork(triggerId=api)"}}
[debug] [2020-09-27T18:25:42.681Z] [worker-api-2e5c8c05-fffc-4dab-8833-744f7d61bf34]: Assigning socketPath: /var/folders/d1/4475sqhs44xd36psvvs428s40000gn/T/fire_emu_77246.sock {"metadata":{"emulator":{"name":"functions"},"message":"[worker-api-2e5c8c05-fffc-4dab-8833-744f7d61bf34]: Assigning socketPath: /var/folders/d1/4475sqhs44xd36psvvs428s40000gn/T/fire_emu_77246.sock"}}
[debug] [2020-09-27T18:25:42.681Z] [worker-api-2e5c8c05-fffc-4dab-8833-744f7d61bf34]: BUSY {"metadata":{"emulator":{"name":"functions"},"message":"[worker-api-2e5c8c05-fffc-4dab-8833-744f7d61bf34]: BUSY"}}
[debug] [2020-09-27T18:25:43.291Z] [runtime-status] [77246] Functions runtime initialized. {"cwd":"/Users/morhaham/Desktop/react/amazon-clone/functions","node_version":"14.9.0"} {"metadata":{"emulator":{"name":"functions"},"function":{"name":"api"},"message":"[runtime-status] [77246] Functions runtime initialized. {\"cwd\":\"/Users/morhaham/Desktop/react/amazon-clone/functions\",\"node_version\":\"14.9.0\"}"}}
[debug] [2020-09-27T18:25:43.297Z] [runtime-status] [77246] Disabled runtime features: undefined {"metadata":{"emulator":{"name":"functions"},"function":{"name":"api"},"message":"[runtime-status] [77246] Disabled runtime features: undefined"}}
[debug] [2020-09-27T18:25:43.305Z] [runtime-status] [77246] Resolved module firebase-admin {"declared":true,"installed":true,"version":"8.13.0","resolution":"/Users/morhaham/Desktop/react/amazon-clone/functions/node_modules/firebase-admin/lib/index.js"} {"metadata":{"emulator":{"name":"functions"},"function":{"name":"api"},"message":"[runtime-status] [77246] Resolved module firebase-admin {\"declared\":true,\"installed\":true,\"version\":\"8.13.0\",\"resolution\":\"/Users/morhaham/Desktop/react/amazon-clone/functions/node_modules/firebase-admin/lib/index.js\"}"}}
[debug] [2020-09-27T18:25:43.313Z] [runtime-status] [77246] Resolved module firebase-functions {"declared":true,"installed":true,"version":"3.11.0","resolution":"/Users/morhaham/Desktop/react/amazon-clone/functions/node_modules/firebase-functions/lib/index.js"} {"metadata":{"emulator":{"name":"functions"},"function":{"name":"api"},"message":"[runtime-status] [77246] Resolved module firebase-functions {\"declared\":true,\"installed\":true,\"version\":\"3.11.0\",\"resolution\":\"/Users/morhaham/Desktop/react/amazon-clone/functions/node_modules/firebase-functions/lib/index.js\"}"}}
[debug] [2020-09-27T18:25:43.315Z] [runtime-status] [77246] Resolved module firebase-functions {"declared":true,"installed":true,"version":"3.11.0","resolution":"/Users/morhaham/Desktop/react/amazon-clone/functions/node_modules/firebase-functions/lib/index.js"} {"metadata":{"emulator":{"name":"functions"},"function":{"name":"api"},"message":"[runtime-status] [77246] Resolved module firebase-functions {\"declared\":true,\"installed\":true,\"version\":\"3.11.0\",\"resolution\":\"/Users/morhaham/Desktop/react/amazon-clone/functions/node_modules/firebase-functions/lib/index.js\"}"}}
[debug] [2020-09-27T18:25:43.317Z] [runtime-status] [77246] Outgoing network have been stubbed. [{"name":"http","status":"mocked"},{"name":"http","status":"mocked"},{"name":"https","status":"mocked"},{"name":"https","status":"mocked"},{"name":"net","status":"mocked"}] {"metadata":{"emulator":{"name":"functions"},"function":{"name":"api"},"message":"[runtime-status] [77246] Outgoing network have been stubbed. [{\"name\":\"http\",\"status\":\"mocked\"},{\"name\":\"http\",\"status\":\"mocked\"},{\"name\":\"https\",\"status\":\"mocked\"},{\"name\":\"https\",\"status\":\"mocked\"},{\"name\":\"net\",\"status\":\"mocked\"}]"}}
[debug] [2020-09-27T18:25:43.318Z] [runtime-status] [77246] Resolved module firebase-functions {"declared":true,"installed":true,"version":"3.11.0","resolution":"/Users/morhaham/Desktop/react/amazon-clone/functions/node_modules/firebase-functions/lib/index.js"} {"metadata":{"emulator":{"name":"functions"},"function":{"name":"api"},"message":"[runtime-status] [77246] Resolved module firebase-functions {\"declared\":true,\"installed\":true,\"version\":\"3.11.0\",\"resolution\":\"/Users/morhaham/Desktop/react/amazon-clone/functions/node_modules/firebase-functions/lib/index.js\"}"}}
[debug] [2020-09-27T18:25:43.405Z] [runtime-status] [77246] Checked functions.config() {"config":{}} {"metadata":{"emulator":{"name":"functions"},"function":{"name":"api"},"message":"[runtime-status] [77246] Checked functions.config() {\"config\":{}}"}}
[debug] [2020-09-27T18:25:43.406Z] [runtime-status] [77246] firebase-functions has been stubbed. {"functionsResolution":{"declared":true,"installed":true,"version":"3.11.0","resolution":"/Users/morhaham/Desktop/react/amazon-clone/functions/node_modules/firebase-functions/lib/index.js"}} {"metadata":{"emulator":{"name":"functions"},"function":{"name":"api"},"message":"[runtime-status] [77246] firebase-functions has been stubbed. {\"functionsResolution\":{\"declared\":true,\"installed\":true,\"version\":\"3.11.0\",\"resolution\":\"/Users/morhaham/Desktop/react/amazon-clone/functions/node_modules/firebase-functions/lib/index.js\"}}"}}
[debug] [2020-09-27T18:25:43.406Z] [runtime-status] [77246] Resolved module firebase-functions {"declared":true,"installed":true,"version":"3.11.0","resolution":"/Users/morhaham/Desktop/react/amazon-clone/functions/node_modules/firebase-functions/lib/index.js"} {"metadata":{"emulator":{"name":"functions"},"function":{"name":"api"},"message":"[runtime-status] [77246] Resolved module firebase-functions {\"declared\":true,\"installed\":true,\"version\":\"3.11.0\",\"resolution\":\"/Users/morhaham/Desktop/react/amazon-clone/functions/node_modules/firebase-functions/lib/index.js\"}"}}
[debug] [2020-09-27T18:25:43.407Z] [runtime-status] [77246] Resolved module firebase-admin {"declared":true,"installed":true,"version":"8.13.0","resolution":"/Users/morhaham/Desktop/react/amazon-clone/functions/node_modules/firebase-admin/lib/index.js"} {"metadata":{"emulator":{"name":"functions"},"function":{"name":"api"},"message":"[runtime-status] [77246] Resolved module firebase-admin {\"declared\":true,\"installed\":true,\"version\":\"8.13.0\",\"resolution\":\"/Users/morhaham/Desktop/react/amazon-clone/functions/node_modules/firebase-admin/lib/index.js\"}"}}
[debug] [2020-09-27T18:25:43.407Z] [runtime-status] [77246] Resolved module firebase-functions {"declared":true,"installed":true,"version":"3.11.0","resolution":"/Users/morhaham/Desktop/react/amazon-clone/functions/node_modules/firebase-functions/lib/index.js"} {"metadata":{"emulator":{"name":"functions"},"function":{"name":"api"},"message":"[runtime-status] [77246] Resolved module firebase-functions {\"declared\":true,\"installed\":true,\"version\":\"3.11.0\",\"resolution\":\"/Users/morhaham/Desktop/react/amazon-clone/functions/node_modules/firebase-functions/lib/index.js\"}"}}
[debug] [2020-09-27T18:25:43.407Z] [runtime-status] [77246] firebase-admin has been stubbed. {"adminResolution":{"declared":true,"installed":true,"version":"8.13.0","resolution":"/Users/morhaham/Desktop/react/amazon-clone/functions/node_modules/firebase-admin/lib/index.js"}} {"metadata":{"emulator":{"name":"functions"},"function":{"name":"api"},"message":"[runtime-status] [77246] firebase-admin has been stubbed. {\"adminResolution\":{\"declared\":true,\"installed\":true,\"version\":\"8.13.0\",\"resolution\":\"/Users/morhaham/Desktop/react/amazon-clone/functions/node_modules/firebase-admin/lib/index.js\"}}"}}
[debug] [2020-09-27T18:25:43.662Z] [runtime-status] [77246] Trigger "api" has been found, beginning invocation! {"metadata":{"emulator":{"name":"functions"},"function":{"name":"api"},"message":"[runtime-status] [77246] Trigger \"api\" has been found, beginning invocation!"}}
[info] i  functions: Beginning execution of "api" {"metadata":{"emulator":{"name":"functions"},"function":{"name":"api"},"message":"Beginning execution of \"api\""}}
[debug] [2020-09-27T18:25:43.663Z] [runtime-status] [77246] triggerDefinition {"httpsTrigger":{},"name":"api","entryPoint":"api"} {"metadata":{"emulator":{"name":"functions"},"function":{"name":"api"},"message":"[runtime-status] [77246] triggerDefinition {\"httpsTrigger\":{},\"name\":\"api\",\"entryPoint\":\"api\"}"}}
[debug] [2020-09-27T18:25:43.663Z] [runtime-status] [77246] Running api in mode HTTPS {"metadata":{"emulator":{"name":"functions"},"function":{"name":"api"},"message":"[runtime-status] [77246] Running api in mode HTTPS"}}
[debug] [2020-09-27T18:25:43.668Z] [runtime-status] [77246] Attempting to listen to socketPath: /var/folders/d1/4475sqhs44xd36psvvs428s40000gn/T/fire_emu_77246.sock {"metadata":{"emulator":{"name":"functions"},"function":{"name":"api"},"message":"[runtime-status] [77246] Attempting to listen to socketPath: /var/folders/d1/4475sqhs44xd36psvvs428s40000gn/T/fire_emu_77246.sock"}}
[debug] [2020-09-27T18:25:43.671Z] [functions] Runtime ready! Sending request! {"metadata":{"emulator":{"name":"functions"},"message":"[functions] Runtime ready! Sending request!"}}
[debug] [2020-09-27T18:25:43.685Z] [runtime-status] [77246] Ephemeral server handling POST request {"metadata":{"emulator":{"name":"functions"},"function":{"name":"api"},"message":"[runtime-status] [77246] Ephemeral server handling POST request"}}
[info] >  payment intent >>> 62997 {"user":"payment intent >>> 62997","metadata":{"emulator":{"name":"functions"},"function":{"name":"api"},"message":"\u001b[90m> \u001b[39m payment intent >>> 62997"}}
[debug] [2020-09-27T18:25:43.707Z] [runtime-status] [77246] Ephemeral server survived. {"metadata":{"emulator":{"name":"functions"},"function":{"name":"api"},"message":"[runtime-status] [77246] Ephemeral server survived."}}
[info] i  functions: Finished "api" in ~1s {"metadata":{"emulator":{"name":"functions"},"function":{"name":"api"},"message":"Finished \"api\" in ~1s"}}
[debug] [2020-09-27T18:25:44.451Z] [worker-api-2e5c8c05-fffc-4dab-8833-744f7d61bf34]: IDLE {"metadata":{"emulator":{"name":"functions"},"message":"[worker-api-2e5c8c05-fffc-4dab-8833-744f7d61bf34]: IDLE"}}
[debug] [2020-09-27T18:25:44.452Z] [work-queue] {"queueLength":0,"workRunningCount":0}
[debug] [2020-09-27T18:25:59.352Z] [work-queue] {"queueLength":1,"workRunningCount":0}
[debug] [2020-09-27T18:25:59.352Z] [work-queue] {"queueLength":0,"workRunningCount":1}
[debug] [2020-09-27T18:25:59.352Z] Accepted request POST /clone-968fd/us-central1/api/payment/create?total=0 --> api
[debug] [2020-09-27T18:25:59.352Z] [worker-pool] submitWork(triggerId=api) {"metadata":{"emulator":{"name":"functions"},"message":"[worker-pool] submitWork(triggerId=api)"}}
[debug] [2020-09-27T18:25:59.352Z] [worker-api-2e5c8c05-fffc-4dab-8833-744f7d61bf34]: Assigning socketPath: /var/folders/d1/4475sqhs44xd36psvvs428s40000gn/T/fire_emu_77246.sock {"metadata":{"emulator":{"name":"functions"},"message":"[worker-api-2e5c8c05-fffc-4dab-8833-744f7d61bf34]: Assigning socketPath: /var/folders/d1/4475sqhs44xd36psvvs428s40000gn/T/fire_emu_77246.sock"}}
[debug] [2020-09-27T18:25:59.352Z] [worker-api-2e5c8c05-fffc-4dab-8833-744f7d61bf34]: BUSY {"metadata":{"emulator":{"name":"functions"},"message":"[worker-api-2e5c8c05-fffc-4dab-8833-744f7d61bf34]: BUSY"}}
[debug] [2020-09-27T18:25:59.362Z] [runtime-status] [77246] Trigger "api" has been found, beginning invocation! {"metadata":{"emulator":{"name":"functions"},"function":{"name":"api"},"message":"[runtime-status] [77246] Trigger \"api\" has been found, beginning invocation!"}}
[info] i  functions: Beginning execution of "api" {"metadata":{"emulator":{"name":"functions"},"function":{"name":"api"},"message":"Beginning execution of \"api\""}}
[debug] [2020-09-27T18:25:59.363Z] [runtime-status] [77246] triggerDefinition {"httpsTrigger":{},"name":"api","entryPoint":"api"} {"metadata":{"emulator":{"name":"functions"},"function":{"name":"api"},"message":"[runtime-status] [77246] triggerDefinition {\"httpsTrigger\":{},\"name\":\"api\",\"entryPoint\":\"api\"}"}}
[debug] [2020-09-27T18:25:59.363Z] [runtime-status] [77246] Running api in mode HTTPS {"metadata":{"emulator":{"name":"functions"},"function":{"name":"api"},"message":"[runtime-status] [77246] Running api in mode HTTPS"}}
[debug] [2020-09-27T18:25:59.363Z] [runtime-status] [77246] Attempting to listen to socketPath: /var/folders/d1/4475sqhs44xd36psvvs428s40000gn/T/fire_emu_77246.sock {"metadata":{"emulator":{"name":"functions"},"function":{"name":"api"},"message":"[runtime-status] [77246] Attempting to listen to socketPath: /var/folders/d1/4475sqhs44xd36psvvs428s40000gn/T/fire_emu_77246.sock"}}
[debug] [2020-09-27T18:25:59.364Z] [functions] Runtime ready! Sending request! {"metadata":{"emulator":{"name":"functions"},"message":"[functions] Runtime ready! Sending request!"}}
[debug] [2020-09-27T18:25:59.377Z] [runtime-status] [77246] Ephemeral server handling POST request {"metadata":{"emulator":{"name":"functions"},"function":{"name":"api"},"message":"[runtime-status] [77246] Ephemeral server handling POST request"}}
[debug] [2020-09-27T18:25:59.377Z] [runtime-status] [77246] Ephemeral server survived. {"metadata":{"emulator":{"name":"functions"},"function":{"name":"api"},"message":"[runtime-status] [77246] Ephemeral server survived."}}
[info] >  payment intent >>> 0 {"user":"payment intent >>> 0","metadata":{"emulator":{"name":"functions"},"function":{"name":"api"},"message":"\u001b[90m> \u001b[39m payment intent >>> 0"}}
[info] >  (node:77246) UnhandledPromiseRejectionWarning: Error: This value must be greater than or equal to 1. {"user":"(node:77246) UnhandledPromiseRejectionWarning: Error: This value must be greater than or equal to 1.","metadata":{"emulator":{"name":"functions"},"function":{"name":"api"},"message":"\u001b[90m> \u001b[39m (node:77246) UnhandledPromiseRejectionWarning: Error: This value must be greater than or equal to 1."}}
[info] >      at Function.generate (/Users/morhaham/Desktop/react/amazon-clone/functions/node_modules/stripe/lib/Error.js:39:16) {"user":"    at Function.generate (/Users/morhaham/Desktop/react/amazon-clone/functions/node_modules/stripe/lib/Error.js:39:16)","metadata":{"emulator":{"name":"functions"},"function":{"name":"api"},"message":"\u001b[90m> \u001b[39m     at Function.generate (/Users/morhaham/Desktop/react/amazon-clone/functions/node_modules/stripe/lib/Error.js:39:16)"}}
[info] >      at IncomingMessage.<anonymous> (/Users/morhaham/Desktop/react/amazon-clone/functions/node_modules/stripe/lib/StripeResource.js:190:33) {"user":"    at IncomingMessage.<anonymous> (/Users/morhaham/Desktop/react/amazon-clone/functions/node_modules/stripe/lib/StripeResource.js:190:33)","metadata":{"emulator":{"name":"functions"},"function":{"name":"api"},"message":"\u001b[90m> \u001b[39m     at IncomingMessage.<anonymous> (/Users/morhaham/Desktop/react/amazon-clone/functions/node_modules/stripe/lib/StripeResource.js:190:33)"}}
[info] >      at Object.onceWrapper (events.js:420:28) {"user":"    at Object.onceWrapper (events.js:420:28)","metadata":{"emulator":{"name":"functions"},"function":{"name":"api"},"message":"\u001b[90m> \u001b[39m     at Object.onceWrapper (events.js:420:28)"}}
[info] >      at IncomingMessage.emit (events.js:326:22) {"user":"    at IncomingMessage.emit (events.js:326:22)","metadata":{"emulator":{"name":"functions"},"function":{"name":"api"},"message":"\u001b[90m> \u001b[39m     at IncomingMessage.emit (events.js:326:22)"}}
[info] >      at endReadableNT (_stream_readable.js:1244:12) {"user":"    at endReadableNT (_stream_readable.js:1244:12)","metadata":{"emulator":{"name":"functions"},"function":{"name":"api"},"message":"\u001b[90m> \u001b[39m     at endReadableNT (_stream_readable.js:1244:12)"}}
[info] >      at processTicksAndRejections (internal/process/task_queues.js:80:21) {"user":"    at processTicksAndRejections (internal/process/task_queues.js:80:21)","metadata":{"emulator":{"name":"functions"},"function":{"name":"api"},"message":"\u001b[90m> \u001b[39m     at processTicksAndRejections (internal/process/task_queues.js:80:21)"}}
[info] >  (Use `node --trace-warnings ...` to show where the warning was created) {"user":"(Use `node --trace-warnings ...` to show where the warning was created)","metadata":{"emulator":{"name":"functions"},"function":{"name":"api"},"message":"\u001b[90m> \u001b[39m (Use `node --trace-warnings ...` to show where the warning was created)"}}
[info] >  (node:77246) UnhandledPromiseRejectionWarning: Unhandled promise rejection. This error originated either by throwing inside of an async function without a catch block, or by rejecting a promise which was not handled with .catch(). To terminate the node process on unhandled promise rejection, use the CLI flag `--unhandled-rejections=strict` (see https://nodejs.org/api/cli.html#cli_unhandled_rejections_mode). (rejection id: 1) {"user":"(node:77246) UnhandledPromiseRejectionWarning: Unhandled promise rejection. This error originated either by throwing inside of an async function without a catch block, or by rejecting a promise which was not handled with .catch(). To terminate the node process on unhandled promise rejection, use the CLI flag `--unhandled-rejections=strict` (see https://nodejs.org/api/cli.html#cli_unhandled_rejections_mode). (rejection id: 1)","metadata":{"emulator":{"name":"functions"},"function":{"name":"api"},"message":"\u001b[90m> \u001b[39m (node:77246) UnhandledPromiseRejectionWarning: Unhandled promise rejection. This error originated either by throwing inside of an async function without a catch block, or by rejecting a promise which was not handled with .catch(). To terminate the node process on unhandled promise rejection, use the CLI flag `--unhandled-rejections=strict` (see https://nodejs.org/api/cli.html#cli_unhandled_rejections_mode). (rejection id: 1)"}}
[info] >  (node:77246) [DEP0018] DeprecationWarning: Unhandled promise rejections are deprecated. In the future, promise rejections that are not handled will terminate the Node.js process with a non-zero exit code. {"user":"(node:77246) [DEP0018] DeprecationWarning: Unhandled promise rejections are deprecated. In the future, promise rejections that are not handled will terminate the Node.js process with a non-zero exit code.","metadata":{"emulator":{"name":"functions"},"function":{"name":"api"},"message":"\u001b[90m> \u001b[39m (node:77246) [DEP0018] DeprecationWarning: Unhandled promise rejections are deprecated. In the future, promise rejections that are not handled will terminate the Node.js process with a non-zero exit code."}}
[warn] ⚠  functions: Your function timed out after ~60s. To configure this timeout, see
      https://firebase.google.com/docs/functions/manage-functions#set_timeout_and_memory_allocation. {"metadata":{"emulator":{"name":"functions"},"function":{"name":"api"},"message":"Your function timed out after ~60s. To configure this timeout, see\n      https://firebase.google.com/docs/functions/manage-functions#set_timeout_and_memory_allocation."}}
[info] >  /usr/local/lib/node_modules/firebase-tools/lib/emulator/functionsEmulatorRuntime.js:642 {"user":"/usr/local/lib/node_modules/firebase-tools/lib/emulator/functionsEmulatorRuntime.js:642","metadata":{"emulator":{"name":"functions"},"function":{"name":"api"},"message":"\u001b[90m> \u001b[39m /usr/local/lib/node_modules/firebase-tools/lib/emulator/functionsEmulatorRuntime.js:642"}}
[info] >                  throw new Error("Function timed out."); {"user":"                throw new Error(\"Function timed out.\");","metadata":{"emulator":{"name":"functions"},"function":{"name":"api"},"message":"\u001b[90m> \u001b[39m                 throw new Error(\"Function timed out.\");"}}
[info] >                  ^ {"user":"                ^","metadata":{"emulator":{"name":"functions"},"function":{"name":"api"},"message":"\u001b[90m> \u001b[39m                 ^"}}
[info] >   {"user":"","metadata":{"emulator":{"name":"functions"},"function":{"name":"api"},"message":"\u001b[90m> \u001b[39m "}}
[info] >  Error: Function timed out. {"user":"Error: Function timed out.","metadata":{"emulator":{"name":"functions"},"function":{"name":"api"},"message":"\u001b[90m> \u001b[39m Error: Function timed out."}}
[info] >      at Timeout._onTimeout (/usr/local/lib/node_modules/firebase-tools/lib/emulator/functionsEmulatorRuntime.js:642:23) {"user":"    at Timeout._onTimeout (/usr/local/lib/node_modules/firebase-tools/lib/emulator/functionsEmulatorRuntime.js:642:23)","metadata":{"emulator":{"name":"functions"},"function":{"name":"api"},"message":"\u001b[90m> \u001b[39m     at Timeout._onTimeout (/usr/local/lib/node_modules/firebase-tools/lib/emulator/functionsEmulatorRuntime.js:642:23)"}}
[info] >      at listOnTimeout (internal/timers.js:554:17) {"user":"    at listOnTimeout (internal/timers.js:554:17)","metadata":{"emulator":{"name":"functions"},"function":{"name":"api"},"message":"\u001b[90m> \u001b[39m     at listOnTimeout (internal/timers.js:554:17)"}}
[info] >      at processTimers (internal/timers.js:497:7) {"user":"    at processTimers (internal/timers.js:497:7)","metadata":{"emulator":{"name":"functions"},"function":{"name":"api"},"message":"\u001b[90m> \u001b[39m     at processTimers (internal/timers.js:497:7)"}}
[debug] [2020-09-27T18:26:59.379Z] [worker-api-2e5c8c05-fffc-4dab-8833-744f7d61bf34]: exited {"metadata":{"emulator":{"name":"functions"},"message":"[worker-api-2e5c8c05-fffc-4dab-8833-744f7d61bf34]: exited"}}
[debug] [2020-09-27T18:26:59.379Z] [worker-api-2e5c8c05-fffc-4dab-8833-744f7d61bf34]: FINISHED {"metadata":{"emulator":{"name":"functions"},"message":"[worker-api-2e5c8c05-fffc-4dab-8833-744f7d61bf34]: FINISHED"}}
[debug] [2020-09-27T18:26:59.379Z] [work-queue] {"queueLength":0,"workRunningCount":0}
[debug] [2020-09-27T19:55:48.036Z] [work-queue] {"queueLength":1,"workRunningCount":0}
[debug] [2020-09-27T19:55:48.040Z] [work-queue] {"queueLength":0,"workRunningCount":1}
[debug] [2020-09-27T19:55:48.040Z] Accepted request POST /clone-968fd/us-central1/api/payment/create?total=7588 --> api
[debug] [2020-09-27T19:55:48.042Z] [worker-pool] Cleaned up workers for api: 1 --> 0 {"metadata":{"emulator":{"name":"functions"},"message":"[worker-pool] Cleaned up workers for api: 1 --> 0"}}
[debug] [2020-09-27T19:55:48.055Z] [worker-pool] addWorker(api) {"metadata":{"emulator":{"name":"functions"},"message":"[worker-pool] addWorker(api)"}}
[debug] [2020-09-27T19:55:48.055Z] [worker-pool] Adding worker with key api, total=1 {"metadata":{"emulator":{"name":"functions"},"message":"[worker-pool] Adding worker with key api, total=1"}}
[debug] [2020-09-27T19:55:48.055Z] [worker-pool] submitWork(triggerId=api) {"metadata":{"emulator":{"name":"functions"},"message":"[worker-pool] submitWork(triggerId=api)"}}
[debug] [2020-09-27T19:55:48.055Z] [worker-api-324f05d9-c511-4eb2-b3f1-f9105da2e2de]: Assigning socketPath: /var/folders/d1/4475sqhs44xd36psvvs428s40000gn/T/fire_emu_78792.sock {"metadata":{"emulator":{"name":"functions"},"message":"[worker-api-324f05d9-c511-4eb2-b3f1-f9105da2e2de]: Assigning socketPath: /var/folders/d1/4475sqhs44xd36psvvs428s40000gn/T/fire_emu_78792.sock"}}
[debug] [2020-09-27T19:55:48.056Z] [worker-api-324f05d9-c511-4eb2-b3f1-f9105da2e2de]: BUSY {"metadata":{"emulator":{"name":"functions"},"message":"[worker-api-324f05d9-c511-4eb2-b3f1-f9105da2e2de]: BUSY"}}
[debug] [2020-09-27T19:55:48.761Z] [runtime-status] [78792] Functions runtime initialized. {"cwd":"/Users/morhaham/Desktop/react/amazon-clone/functions","node_version":"14.9.0"} {"metadata":{"emulator":{"name":"functions"},"function":{"name":"api"},"message":"[runtime-status] [78792] Functions runtime initialized. {\"cwd\":\"/Users/morhaham/Desktop/react/amazon-clone/functions\",\"node_version\":\"14.9.0\"}"}}
[debug] [2020-09-27T19:55:48.762Z] [runtime-status] [78792] Disabled runtime features: undefined {"metadata":{"emulator":{"name":"functions"},"function":{"name":"api"},"message":"[runtime-status] [78792] Disabled runtime features: undefined"}}
[debug] [2020-09-27T19:55:48.765Z] [runtime-status] [78792] Resolved module firebase-admin {"declared":true,"installed":true,"version":"8.13.0","resolution":"/Users/morhaham/Desktop/react/amazon-clone/functions/node_modules/firebase-admin/lib/index.js"} {"metadata":{"emulator":{"name":"functions"},"function":{"name":"api"},"message":"[runtime-status] [78792] Resolved module firebase-admin {\"declared\":true,\"installed\":true,\"version\":\"8.13.0\",\"resolution\":\"/Users/morhaham/Desktop/react/amazon-clone/functions/node_modules/firebase-admin/lib/index.js\"}"}}
[debug] [2020-09-27T19:55:48.766Z] [runtime-status] [78792] Resolved module firebase-functions {"declared":true,"installed":true,"version":"3.11.0","resolution":"/Users/morhaham/Desktop/react/amazon-clone/functions/node_modules/firebase-functions/lib/index.js"} {"metadata":{"emulator":{"name":"functions"},"function":{"name":"api"},"message":"[runtime-status] [78792] Resolved module firebase-functions {\"declared\":true,\"installed\":true,\"version\":\"3.11.0\",\"resolution\":\"/Users/morhaham/Desktop/react/amazon-clone/functions/node_modules/firebase-functions/lib/index.js\"}"}}
[debug] [2020-09-27T19:55:48.768Z] [runtime-status] [78792] Resolved module firebase-functions {"declared":true,"installed":true,"version":"3.11.0","resolution":"/Users/morhaham/Desktop/react/amazon-clone/functions/node_modules/firebase-functions/lib/index.js"} {"metadata":{"emulator":{"name":"functions"},"function":{"name":"api"},"message":"[runtime-status] [78792] Resolved module firebase-functions {\"declared\":true,\"installed\":true,\"version\":\"3.11.0\",\"resolution\":\"/Users/morhaham/Desktop/react/amazon-clone/functions/node_modules/firebase-functions/lib/index.js\"}"}}
[debug] [2020-09-27T19:55:48.769Z] [runtime-status] [78792] Outgoing network have been stubbed. [{"name":"http","status":"mocked"},{"name":"http","status":"mocked"},{"name":"https","status":"mocked"},{"name":"https","status":"mocked"},{"name":"net","status":"mocked"}] {"metadata":{"emulator":{"name":"functions"},"function":{"name":"api"},"message":"[runtime-status] [78792] Outgoing network have been stubbed. [{\"name\":\"http\",\"status\":\"mocked\"},{\"name\":\"http\",\"status\":\"mocked\"},{\"name\":\"https\",\"status\":\"mocked\"},{\"name\":\"https\",\"status\":\"mocked\"},{\"name\":\"net\",\"status\":\"mocked\"}]"}}
[debug] [2020-09-27T19:55:48.770Z] [runtime-status] [78792] Resolved module firebase-functions {"declared":true,"installed":true,"version":"3.11.0","resolution":"/Users/morhaham/Desktop/react/amazon-clone/functions/node_modules/firebase-functions/lib/index.js"} {"metadata":{"emulator":{"name":"functions"},"function":{"name":"api"},"message":"[runtime-status] [78792] Resolved module firebase-functions {\"declared\":true,\"installed\":true,\"version\":\"3.11.0\",\"resolution\":\"/Users/morhaham/Desktop/react/amazon-clone/functions/node_modules/firebase-functions/lib/index.js\"}"}}
[debug] [2020-09-27T19:55:48.840Z] [runtime-status] [78792] Checked functions.config() {"config":{}} {"metadata":{"emulator":{"name":"functions"},"function":{"name":"api"},"message":"[runtime-status] [78792] Checked functions.config() {\"config\":{}}"}}
[debug] [2020-09-27T19:55:48.840Z] [runtime-status] [78792] firebase-functions has been stubbed. {"functionsResolution":{"declared":true,"installed":true,"version":"3.11.0","resolution":"/Users/morhaham/Desktop/react/amazon-clone/functions/node_modules/firebase-functions/lib/index.js"}} {"metadata":{"emulator":{"name":"functions"},"function":{"name":"api"},"message":"[runtime-status] [78792] firebase-functions has been stubbed. {\"functionsResolution\":{\"declared\":true,\"installed\":true,\"version\":\"3.11.0\",\"resolution\":\"/Users/morhaham/Desktop/react/amazon-clone/functions/node_modules/firebase-functions/lib/index.js\"}}"}}
[debug] [2020-09-27T19:55:48.840Z] [runtime-status] [78792] Resolved module firebase-functions {"declared":true,"installed":true,"version":"3.11.0","resolution":"/Users/morhaham/Desktop/react/amazon-clone/functions/node_modules/firebase-functions/lib/index.js"} {"metadata":{"emulator":{"name":"functions"},"function":{"name":"api"},"message":"[runtime-status] [78792] Resolved module firebase-functions {\"declared\":true,\"installed\":true,\"version\":\"3.11.0\",\"resolution\":\"/Users/morhaham/Desktop/react/amazon-clone/functions/node_modules/firebase-functions/lib/index.js\"}"}}
[debug] [2020-09-27T19:55:48.841Z] [runtime-status] [78792] Resolved module firebase-admin {"declared":true,"installed":true,"version":"8.13.0","resolution":"/Users/morhaham/Desktop/react/amazon-clone/functions/node_modules/firebase-admin/lib/index.js"} {"metadata":{"emulator":{"name":"functions"},"function":{"name":"api"},"message":"[runtime-status] [78792] Resolved module firebase-admin {\"declared\":true,\"installed\":true,\"version\":\"8.13.0\",\"resolution\":\"/Users/morhaham/Desktop/react/amazon-clone/functions/node_modules/firebase-admin/lib/index.js\"}"}}
[debug] [2020-09-27T19:55:48.842Z] [runtime-status] [78792] Resolved module firebase-functions {"declared":true,"installed":true,"version":"3.11.0","resolution":"/Users/morhaham/Desktop/react/amazon-clone/functions/node_modules/firebase-functions/lib/index.js"} {"metadata":{"emulator":{"name":"functions"},"function":{"name":"api"},"message":"[runtime-status] [78792] Resolved module firebase-functions {\"declared\":true,\"installed\":true,\"version\":\"3.11.0\",\"resolution\":\"/Users/morhaham/Desktop/react/amazon-clone/functions/node_modules/firebase-functions/lib/index.js\"}"}}
[debug] [2020-09-27T19:55:48.842Z] [runtime-status] [78792] firebase-admin has been stubbed. {"adminResolution":{"declared":true,"installed":true,"version":"8.13.0","resolution":"/Users/morhaham/Desktop/react/amazon-clone/functions/node_modules/firebase-admin/lib/index.js"}} {"metadata":{"emulator":{"name":"functions"},"function":{"name":"api"},"message":"[runtime-status] [78792] firebase-admin has been stubbed. {\"adminResolution\":{\"declared\":true,\"installed\":true,\"version\":\"8.13.0\",\"resolution\":\"/Users/morhaham/Desktop/react/amazon-clone/functions/node_modules/firebase-admin/lib/index.js\"}}"}}
[debug] [2020-09-27T19:55:49.009Z] [runtime-status] [78792] Trigger "api" has been found, beginning invocation! {"metadata":{"emulator":{"name":"functions"},"function":{"name":"api"},"message":"[runtime-status] [78792] Trigger \"api\" has been found, beginning invocation!"}}
[info] i  functions: Beginning execution of "api" {"metadata":{"emulator":{"name":"functions"},"function":{"name":"api"},"message":"Beginning execution of \"api\""}}
[debug] [2020-09-27T19:55:49.010Z] [runtime-status] [78792] triggerDefinition {"httpsTrigger":{},"name":"api","entryPoint":"api"} {"metadata":{"emulator":{"name":"functions"},"function":{"name":"api"},"message":"[runtime-status] [78792] triggerDefinition {\"httpsTrigger\":{},\"name\":\"api\",\"entryPoint\":\"api\"}"}}
[debug] [2020-09-27T19:55:49.010Z] [runtime-status] [78792] Running api in mode HTTPS {"metadata":{"emulator":{"name":"functions"},"function":{"name":"api"},"message":"[runtime-status] [78792] Running api in mode HTTPS"}}
[debug] [2020-09-27T19:55:49.012Z] [runtime-status] [78792] Attempting to listen to socketPath: /var/folders/d1/4475sqhs44xd36psvvs428s40000gn/T/fire_emu_78792.sock {"metadata":{"emulator":{"name":"functions"},"function":{"name":"api"},"message":"[runtime-status] [78792] Attempting to listen to socketPath: /var/folders/d1/4475sqhs44xd36psvvs428s40000gn/T/fire_emu_78792.sock"}}
[debug] [2020-09-27T19:55:49.017Z] [functions] Runtime ready! Sending request! {"metadata":{"emulator":{"name":"functions"},"message":"[functions] Runtime ready! Sending request!"}}
[debug] [2020-09-27T19:55:49.026Z] [runtime-status] [78792] Ephemeral server handling POST request {"metadata":{"emulator":{"name":"functions"},"function":{"name":"api"},"message":"[runtime-status] [78792] Ephemeral server handling POST request"}}
[info] >  payment intent >>> 7588 {"user":"payment intent >>> 7588","metadata":{"emulator":{"name":"functions"},"function":{"name":"api"},"message":"\u001b[90m> \u001b[39m payment intent >>> 7588"}}
[debug] [2020-09-27T19:55:49.039Z] [runtime-status] [78792] Ephemeral server survived. {"metadata":{"emulator":{"name":"functions"},"function":{"name":"api"},"message":"[runtime-status] [78792] Ephemeral server survived."}}
[info] i  functions: Finished "api" in ~1s {"metadata":{"emulator":{"name":"functions"},"function":{"name":"api"},"message":"Finished \"api\" in ~1s"}}
[debug] [2020-09-27T19:55:50.083Z] [worker-api-324f05d9-c511-4eb2-b3f1-f9105da2e2de]: IDLE {"metadata":{"emulator":{"name":"functions"},"message":"[worker-api-324f05d9-c511-4eb2-b3f1-f9105da2e2de]: IDLE"}}
[debug] [2020-09-27T19:55:50.083Z] [work-queue] {"queueLength":0,"workRunningCount":0}
[debug] [2020-09-27T20:17:04.450Z] [work-queue] {"queueLength":1,"workRunningCount":0}
[debug] [2020-09-27T20:17:04.453Z] [work-queue] {"queueLength":0,"workRunningCount":1}
[debug] [2020-09-27T20:17:04.453Z] Accepted request POST /clone-968fd/us-central1/api/payment/create?total=61196 --> api
[debug] [2020-09-27T20:17:04.453Z] [worker-pool] submitWork(triggerId=api) {"metadata":{"emulator":{"name":"functions"},"message":"[worker-pool] submitWork(triggerId=api)"}}
[debug] [2020-09-27T20:17:04.455Z] [worker-api-324f05d9-c511-4eb2-b3f1-f9105da2e2de]: Assigning socketPath: /var/folders/d1/4475sqhs44xd36psvvs428s40000gn/T/fire_emu_78792.sock {"metadata":{"emulator":{"name":"functions"},"message":"[worker-api-324f05d9-c511-4eb2-b3f1-f9105da2e2de]: Assigning socketPath: /var/folders/d1/4475sqhs44xd36psvvs428s40000gn/T/fire_emu_78792.sock"}}
[debug] [2020-09-27T20:17:04.455Z] [worker-api-324f05d9-c511-4eb2-b3f1-f9105da2e2de]: BUSY {"metadata":{"emulator":{"name":"functions"},"message":"[worker-api-324f05d9-c511-4eb2-b3f1-f9105da2e2de]: BUSY"}}
[debug] [2020-09-27T20:17:04.475Z] [runtime-status] [78792] Trigger "api" has been found, beginning invocation! {"metadata":{"emulator":{"name":"functions"},"function":{"name":"api"},"message":"[runtime-status] [78792] Trigger \"api\" has been found, beginning invocation!"}}
[info] i  functions: Beginning execution of "api" {"metadata":{"emulator":{"name":"functions"},"function":{"name":"api"},"message":"Beginning execution of \"api\""}}
[debug] [2020-09-27T20:17:04.477Z] [runtime-status] [78792] triggerDefinition {"httpsTrigger":{},"name":"api","entryPoint":"api"} {"metadata":{"emulator":{"name":"functions"},"function":{"name":"api"},"message":"[runtime-status] [78792] triggerDefinition {\"httpsTrigger\":{},\"name\":\"api\",\"entryPoint\":\"api\"}"}}
[debug] [2020-09-27T20:17:04.477Z] [runtime-status] [78792] Running api in mode HTTPS {"metadata":{"emulator":{"name":"functions"},"function":{"name":"api"},"message":"[runtime-status] [78792] Running api in mode HTTPS"}}
[debug] [2020-09-27T20:17:04.481Z] [runtime-status] [78792] Attempting to listen to socketPath: /var/folders/d1/4475sqhs44xd36psvvs428s40000gn/T/fire_emu_78792.sock {"metadata":{"emulator":{"name":"functions"},"function":{"name":"api"},"message":"[runtime-status] [78792] Attempting to listen to socketPath: /var/folders/d1/4475sqhs44xd36psvvs428s40000gn/T/fire_emu_78792.sock"}}
[debug] [2020-09-27T20:17:04.486Z] [functions] Runtime ready! Sending request! {"metadata":{"emulator":{"name":"functions"},"message":"[functions] Runtime ready! Sending request!"}}
[debug] [2020-09-27T20:17:04.492Z] [runtime-status] [78792] Ephemeral server handling POST request {"metadata":{"emulator":{"name":"functions"},"function":{"name":"api"},"message":"[runtime-status] [78792] Ephemeral server handling POST request"}}
[debug] [2020-09-27T20:17:04.500Z] [runtime-status] [78792] Ephemeral server survived. {"metadata":{"emulator":{"name":"functions"},"function":{"name":"api"},"message":"[runtime-status] [78792] Ephemeral server survived."}}
[info] >  payment intent >>> 61196 {"user":"payment intent >>> 61196","metadata":{"emulator":{"name":"functions"},"function":{"name":"api"},"message":"\u001b[90m> \u001b[39m payment intent >>> 61196"}}
[info] i  functions: Finished "api" in ~1s {"metadata":{"emulator":{"name":"functions"},"function":{"name":"api"},"message":"Finished \"api\" in ~1s"}}
[debug] [2020-09-27T20:17:05.182Z] [worker-api-324f05d9-c511-4eb2-b3f1-f9105da2e2de]: IDLE {"metadata":{"emulator":{"name":"functions"},"message":"[worker-api-324f05d9-c511-4eb2-b3f1-f9105da2e2de]: IDLE"}}
[debug] [2020-09-27T20:17:05.183Z] [work-queue] {"queueLength":0,"workRunningCount":0}
[debug] [2020-09-27T20:17:17.834Z] [work-queue] {"queueLength":1,"workRunningCount":0}
[debug] [2020-09-27T20:17:17.834Z] [work-queue] {"queueLength":0,"workRunningCount":1}
[debug] [2020-09-27T20:17:17.834Z] Accepted request POST /clone-968fd/us-central1/api/payment/create?total=0 --> api
[debug] [2020-09-27T20:17:17.835Z] [worker-pool] submitWork(triggerId=api) {"metadata":{"emulator":{"name":"functions"},"message":"[worker-pool] submitWork(triggerId=api)"}}
[debug] [2020-09-27T20:17:17.835Z] [worker-api-324f05d9-c511-4eb2-b3f1-f9105da2e2de]: Assigning socketPath: /var/folders/d1/4475sqhs44xd36psvvs428s40000gn/T/fire_emu_78792.sock {"metadata":{"emulator":{"name":"functions"},"message":"[worker-api-324f05d9-c511-4eb2-b3f1-f9105da2e2de]: Assigning socketPath: /var/folders/d1/4475sqhs44xd36psvvs428s40000gn/T/fire_emu_78792.sock"}}
[debug] [2020-09-27T20:17:17.835Z] [worker-api-324f05d9-c511-4eb2-b3f1-f9105da2e2de]: BUSY {"metadata":{"emulator":{"name":"functions"},"message":"[worker-api-324f05d9-c511-4eb2-b3f1-f9105da2e2de]: BUSY"}}
[debug] [2020-09-27T20:17:17.837Z] [runtime-status] [78792] Trigger "api" has been found, beginning invocation! {"metadata":{"emulator":{"name":"functions"},"function":{"name":"api"},"message":"[runtime-status] [78792] Trigger \"api\" has been found, beginning invocation!"}}
[info] i  functions: Beginning execution of "api" {"metadata":{"emulator":{"name":"functions"},"function":{"name":"api"},"message":"Beginning execution of \"api\""}}
[debug] [2020-09-27T20:17:17.844Z] [runtime-status] [78792] triggerDefinition {"httpsTrigger":{},"name":"api","entryPoint":"api"} {"metadata":{"emulator":{"name":"functions"},"function":{"name":"api"},"message":"[runtime-status] [78792] triggerDefinition {\"httpsTrigger\":{},\"name\":\"api\",\"entryPoint\":\"api\"}"}}
[debug] [2020-09-27T20:17:17.844Z] [runtime-status] [78792] Running api in mode HTTPS {"metadata":{"emulator":{"name":"functions"},"function":{"name":"api"},"message":"[runtime-status] [78792] Running api in mode HTTPS"}}
[debug] [2020-09-27T20:17:17.844Z] [runtime-status] [78792] Attempting to listen to socketPath: /var/folders/d1/4475sqhs44xd36psvvs428s40000gn/T/fire_emu_78792.sock {"metadata":{"emulator":{"name":"functions"},"function":{"name":"api"},"message":"[runtime-status] [78792] Attempting to listen to socketPath: /var/folders/d1/4475sqhs44xd36psvvs428s40000gn/T/fire_emu_78792.sock"}}
[debug] [2020-09-27T20:17:17.852Z] [functions] Runtime ready! Sending request! {"metadata":{"emulator":{"name":"functions"},"message":"[functions] Runtime ready! Sending request!"}}
[debug] [2020-09-27T20:17:17.858Z] [runtime-status] [78792] Ephemeral server handling POST request {"metadata":{"emulator":{"name":"functions"},"function":{"name":"api"},"message":"[runtime-status] [78792] Ephemeral server handling POST request"}}
[debug] [2020-09-27T20:17:17.858Z] [runtime-status] [78792] Ephemeral server survived. {"metadata":{"emulator":{"name":"functions"},"function":{"name":"api"},"message":"[runtime-status] [78792] Ephemeral server survived."}}
[info] >  payment intent >>> 0 {"user":"payment intent >>> 0","metadata":{"emulator":{"name":"functions"},"function":{"name":"api"},"message":"\u001b[90m> \u001b[39m payment intent >>> 0"}}
[info] >  (node:78792) UnhandledPromiseRejectionWarning: Error: This value must be greater than or equal to 1. {"user":"(node:78792) UnhandledPromiseRejectionWarning: Error: This value must be greater than or equal to 1.","metadata":{"emulator":{"name":"functions"},"function":{"name":"api"},"message":"\u001b[90m> \u001b[39m (node:78792) UnhandledPromiseRejectionWarning: Error: This value must be greater than or equal to 1."}}
[info] >      at Function.generate (/Users/morhaham/Desktop/react/amazon-clone/functions/node_modules/stripe/lib/Error.js:39:16) {"user":"    at Function.generate (/Users/morhaham/Desktop/react/amazon-clone/functions/node_modules/stripe/lib/Error.js:39:16)","metadata":{"emulator":{"name":"functions"},"function":{"name":"api"},"message":"\u001b[90m> \u001b[39m     at Function.generate (/Users/morhaham/Desktop/react/amazon-clone/functions/node_modules/stripe/lib/Error.js:39:16)"}}
[info] >      at IncomingMessage.<anonymous> (/Users/morhaham/Desktop/react/amazon-clone/functions/node_modules/stripe/lib/StripeResource.js:190:33) {"user":"    at IncomingMessage.<anonymous> (/Users/morhaham/Desktop/react/amazon-clone/functions/node_modules/stripe/lib/StripeResource.js:190:33)","metadata":{"emulator":{"name":"functions"},"function":{"name":"api"},"message":"\u001b[90m> \u001b[39m     at IncomingMessage.<anonymous> (/Users/morhaham/Desktop/react/amazon-clone/functions/node_modules/stripe/lib/StripeResource.js:190:33)"}}
[info] >      at Object.onceWrapper (events.js:420:28) {"user":"    at Object.onceWrapper (events.js:420:28)","metadata":{"emulator":{"name":"functions"},"function":{"name":"api"},"message":"\u001b[90m> \u001b[39m     at Object.onceWrapper (events.js:420:28)"}}
[info] >      at IncomingMessage.emit (events.js:326:22) {"user":"    at IncomingMessage.emit (events.js:326:22)","metadata":{"emulator":{"name":"functions"},"function":{"name":"api"},"message":"\u001b[90m> \u001b[39m     at IncomingMessage.emit (events.js:326:22)"}}
[info] >      at endReadableNT (_stream_readable.js:1244:12) {"user":"    at endReadableNT (_stream_readable.js:1244:12)","metadata":{"emulator":{"name":"functions"},"function":{"name":"api"},"message":"\u001b[90m> \u001b[39m     at endReadableNT (_stream_readable.js:1244:12)"}}
[info] >      at processTicksAndRejections (internal/process/task_queues.js:80:21) {"user":"    at processTicksAndRejections (internal/process/task_queues.js:80:21)","metadata":{"emulator":{"name":"functions"},"function":{"name":"api"},"message":"\u001b[90m> \u001b[39m     at processTicksAndRejections (internal/process/task_queues.js:80:21)"}}
[info] >  (Use `node --trace-warnings ...` to show where the warning was created) {"user":"(Use `node --trace-warnings ...` to show where the warning was created)","metadata":{"emulator":{"name":"functions"},"function":{"name":"api"},"message":"\u001b[90m> \u001b[39m (Use `node --trace-warnings ...` to show where the warning was created)"}}
[info] >  (node:78792) UnhandledPromiseRejectionWarning: Unhandled promise rejection. This error originated either by throwing inside of an async function without a catch block, or by rejecting a promise which was not handled with .catch(). To terminate the node process on unhandled promise rejection, use the CLI flag `--unhandled-rejections=strict` (see https://nodejs.org/api/cli.html#cli_unhandled_rejections_mode). (rejection id: 1) {"user":"(node:78792) UnhandledPromiseRejectionWarning: Unhandled promise rejection. This error originated either by throwing inside of an async function without a catch block, or by rejecting a promise which was not handled with .catch(). To terminate the node process on unhandled promise rejection, use the CLI flag `--unhandled-rejections=strict` (see https://nodejs.org/api/cli.html#cli_unhandled_rejections_mode). (rejection id: 1)","metadata":{"emulator":{"name":"functions"},"function":{"name":"api"},"message":"\u001b[90m> \u001b[39m (node:78792) UnhandledPromiseRejectionWarning: Unhandled promise rejection. This error originated either by throwing inside of an async function without a catch block, or by rejecting a promise which was not handled with .catch(). To terminate the node process on unhandled promise rejection, use the CLI flag `--unhandled-rejections=strict` (see https://nodejs.org/api/cli.html#cli_unhandled_rejections_mode). (rejection id: 1)"}}
[info] >  (node:78792) [DEP0018] DeprecationWarning: Unhandled promise rejections are deprecated. In the future, promise rejections that are not handled will terminate the Node.js process with a non-zero exit code. {"user":"(node:78792) [DEP0018] DeprecationWarning: Unhandled promise rejections are deprecated. In the future, promise rejections that are not handled will terminate the Node.js process with a non-zero exit code.","metadata":{"emulator":{"name":"functions"},"function":{"name":"api"},"message":"\u001b[90m> \u001b[39m (node:78792) [DEP0018] DeprecationWarning: Unhandled promise rejections are deprecated. In the future, promise rejections that are not handled will terminate the Node.js process with a non-zero exit code."}}
[warn] ⚠  functions: Your function timed out after ~60s. To configure this timeout, see
      https://firebase.google.com/docs/functions/manage-functions#set_timeout_and_memory_allocation. {"metadata":{"emulator":{"name":"functions"},"function":{"name":"api"},"message":"Your function timed out after ~60s. To configure this timeout, see\n      https://firebase.google.com/docs/functions/manage-functions#set_timeout_and_memory_allocation."}}
[info] >  /usr/local/lib/node_modules/firebase-tools/lib/emulator/functionsEmulatorRuntime.js:642 {"user":"/usr/local/lib/node_modules/firebase-tools/lib/emulator/functionsEmulatorRuntime.js:642","metadata":{"emulator":{"name":"functions"},"function":{"name":"api"},"message":"\u001b[90m> \u001b[39m /usr/local/lib/node_modules/firebase-tools/lib/emulator/functionsEmulatorRuntime.js:642"}}
[info] >                  throw new Error("Function timed out."); {"user":"                throw new Error(\"Function timed out.\");","metadata":{"emulator":{"name":"functions"},"function":{"name":"api"},"message":"\u001b[90m> \u001b[39m                 throw new Error(\"Function timed out.\");"}}
[info] >                  ^ {"user":"                ^","metadata":{"emulator":{"name":"functions"},"function":{"name":"api"},"message":"\u001b[90m> \u001b[39m                 ^"}}
[info] >   {"user":"","metadata":{"emulator":{"name":"functions"},"function":{"name":"api"},"message":"\u001b[90m> \u001b[39m "}}
[info] >  Error: Function timed out. {"user":"Error: Function timed out.","metadata":{"emulator":{"name":"functions"},"function":{"name":"api"},"message":"\u001b[90m> \u001b[39m Error: Function timed out."}}
[info] >      at Timeout._onTimeout (/usr/local/lib/node_modules/firebase-tools/lib/emulator/functionsEmulatorRuntime.js:642:23) {"user":"    at Timeout._onTimeout (/usr/local/lib/node_modules/firebase-tools/lib/emulator/functionsEmulatorRuntime.js:642:23)","metadata":{"emulator":{"name":"functions"},"function":{"name":"api"},"message":"\u001b[90m> \u001b[39m     at Timeout._onTimeout (/usr/local/lib/node_modules/firebase-tools/lib/emulator/functionsEmulatorRuntime.js:642:23)"}}
[info] >      at listOnTimeout (internal/timers.js:554:17) {"user":"    at listOnTimeout (internal/timers.js:554:17)","metadata":{"emulator":{"name":"functions"},"function":{"name":"api"},"message":"\u001b[90m> \u001b[39m     at listOnTimeout (internal/timers.js:554:17)"}}
[info] >      at processTimers (internal/timers.js:497:7) {"user":"    at processTimers (internal/timers.js:497:7)","metadata":{"emulator":{"name":"functions"},"function":{"name":"api"},"message":"\u001b[90m> \u001b[39m     at processTimers (internal/timers.js:497:7)"}}
[debug] [2020-09-27T20:18:17.881Z] [worker-api-324f05d9-c511-4eb2-b3f1-f9105da2e2de]: exited {"metadata":{"emulator":{"name":"functions"},"message":"[worker-api-324f05d9-c511-4eb2-b3f1-f9105da2e2de]: exited"}}
[debug] [2020-09-27T20:18:17.881Z] [worker-api-324f05d9-c511-4eb2-b3f1-f9105da2e2de]: FINISHED {"metadata":{"emulator":{"name":"functions"},"message":"[worker-api-324f05d9-c511-4eb2-b3f1-f9105da2e2de]: FINISHED"}}
[debug] [2020-09-27T20:18:17.881Z] [work-queue] {"queueLength":0,"workRunningCount":0}
